MyApplicationdashboard/app/build/intermediates/manifest_merge_blame_file/debug/processDebugMainManifest/manifest-merger-blame-debug-report.txt
1<?xml version="1.0" encoding="utf-8"?>
2<manifest xmlns:android="http://schemas.android.com/apk/res/android"
3    package="com.example.myapplicationdashboard"
4    android:versionCode="1"
5    android:versionName="1.0" >
6
7    <uses-sdk
8        android:minSdkVersion="24"
9        android:targetSdkVersion="35" />
10
11    <permission
11-->[androidx.core:core:1.10.1] AndroidManifest.xml:22:5-24:47
12        android:name="com.example.myapplicationdashboard.DYNAMIC_RECEIVER_NOT_EXPORTED_PERMISSION"
12-->[androidx.core:core:1.10.1] AndroidManifest.xml:23:9-81
13        android:protectionLevel="signature" />
13-->[androidx.core:core:1.10.1] AndroidManifest.xml:24:9-44
14
15    <uses-permission android:name="com.example.myapplicationdashboard.DYNAMIC_RECEIVER_NOT_EXPORTED_PERMISSION" />
15-->[androidx.core:core:1.10.1] AndroidManifest.xml:26:5-97
15-->[androidx.core:core:1.10.1] AndroidManifest.xml:26:22-94
16
17    <application
17-->src\main\AndroidManifest.xml:6:5-53:19
18        android:allowBackup="true"
18-->src\main\AndroidManifest.xml:7:9-35
19        android:appComponentFactory="androidx.core.app.CoreComponentFactory"
19-->[androidx.core:core:1.10.1] AndroidManifest.xml:28:18-86
20        android:debuggable="true"
21        android:extractNativeLibs="false"
22        android:icon="@drawable/img"
22-->src\main\AndroidManifest.xml:8:9-37
23        android:roundIcon="@drawable/img"
23-->src\main\AndroidManifest.xml:9:9-42
24        android:supportsRtl="true"
24-->src\main\AndroidManifest.xml:10:9-35
25        android:testOnly="true"
26        android:theme="@style/Theme.MyApplicationDashboard" >
26-->src\main\AndroidManifest.xml:11:9-60
27
28        <!-- Launcher activity (LoginActivity) -->
29        <activity
29-->src\main\AndroidManifest.xml:15:9-23:20
30            android:name="com.example.myapplicationdashboard.LoginActivity"
30-->src\main\AndroidManifest.xml:16:13-42
31            android:exported="true"
31-->src\main\AndroidManifest.xml:17:13-36
32            android:label="@string/login" > <!-- uses localized string -->
32-->src\main\AndroidManifest.xml:18:13-42
33            <intent-filter>
33-->src\main\AndroidManifest.xml:19:13-22:29
34                <action android:name="android.intent.action.MAIN" />
34-->src\main\AndroidManifest.xml:20:17-69
34-->src\main\AndroidManifest.xml:20:25-66
35
36                <category android:name="android.intent.category.LAUNCHER" />
36-->src\main\AndroidManifest.xml:21:17-77
36-->src\main\AndroidManifest.xml:21:27-74
37            </intent-filter>
38        </activity>
39
40        <!-- RegisterActivity -->
41        <activity
41-->src\main\AndroidManifest.xml:26:9-29:48
42            android:name="com.example.myapplicationdashboard.RegisterActivity"
42-->src\main\AndroidManifest.xml:27:13-45
43            android:exported="true"
43-->src\main\AndroidManifest.xml:28:13-36
44            android:label="@string/register" />
44-->src\main\AndroidManifest.xml:29:13-45
45
46        <!-- DashboardActivity -->
47        <activity
47-->src\main\AndroidManifest.xml:32:9-35:48
48            android:name="com.example.myapplicationdashboard.DashboardActivity"
48-->src\main\AndroidManifest.xml:33:13-46
49            android:exported="true"
49-->src\main\AndroidManifest.xml:34:13-36
50            android:label="@string/app_name" />
50-->src\main\AndroidManifest.xml:35:13-45
51
52        <!-- Other Activities (optional: add labels if shown in action bar) -->
53        <activity android:name="com.example.myapplicationdashboard.CoursesActivity" />
53-->src\main\AndroidManifest.xml:38:9-53
53-->src\main\AndroidManifest.xml:38:19-50
54        <activity android:name="com.example.myapplicationdashboard.AttendanceActivity" />
54-->src\main\AndroidManifest.xml:39:9-56
54-->src\main\AndroidManifest.xml:39:19-53
55        <activity android:name="com.example.myapplicationdashboard.FeesActivity" />
55-->src\main\AndroidManifest.xml:40:9-50
55-->src\main\AndroidManifest.xml:40:19-47
56        <activity android:name="com.example.myapplicationdashboard.AssignmentsActivity" />
56-->src\main\AndroidManifest.xml:41:9-57
56-->src\main\AndroidManifest.xml:41:19-54
57        <activity android:name="com.example.myapplicationdashboard.EventsActivity" />
57-->src\main\AndroidManifest.xml:42:9-52
57-->src\main\AndroidManifest.xml:42:19-49
58        <activity android:name="com.example.myapplicationdashboard.TimetableActivity" />
58-->src\main\AndroidManifest.xml:43:9-55
58-->src\main\AndroidManifest.xml:43:19-52
59        <activity android:name="com.example.myapplicationdashboard.CircularsActivity" />
59-->src\main\AndroidManifest.xml:44:9-55
59-->src\main\AndroidManifest.xml:44:19-52
60        <activity android:name="com.example.myapplicationdashboard.SettingsActivity" />
60-->src\main\AndroidManifest.xml:45:9-54
60-->src\main\AndroidManifest.xml:45:19-51
61        <activity android:name="com.example.myapplicationdashboard.ComputerScienceActivity" />
61-->src\main\AndroidManifest.xml:46:9-61
61-->src\main\AndroidManifest.xml:46:19-58
62        <activity android:name="com.example.myapplicationdashboard.MathematicsActivity" />
62-->src\main\AndroidManifest.xml:47:9-57
62-->src\main\AndroidManifest.xml:47:19-54
63        <activity android:name="com.example.myapplicationdashboard.NotificationSettingsActivity" />
63-->src\main\AndroidManifest.xml:48:9-66
63-->src\main\AndroidManifest.xml:48:19-63
64
65        <provider
65-->[androidx.emoji2:emoji2:1.2.0] AndroidManifest.xml:24:9-32:20
66            android:name="androidx.startup.InitializationProvider"
66-->[androidx.emoji2:emoji2:1.2.0] AndroidManifest.xml:25:13-67
67            android:authorities="com.example.myapplicationdashboard.androidx-startup"
67-->[androidx.emoji2:emoji2:1.2.0] AndroidManifest.xml:26:13-68
68            android:exported="false" >
68-->[androidx.emoji2:emoji2:1.2.0] AndroidManifest.xml:27:13-37
69            <meta-data
69-->[androidx.emoji2:emoji2:1.2.0] AndroidManifest.xml:29:13-31:52
70                android:name="androidx.emoji2.text.EmojiCompatInitializer"
70-->[androidx.emoji2:emoji2:1.2.0] AndroidManifest.xml:30:17-75
71                android:value="androidx.startup" />
71-->[androidx.emoji2:emoji2:1.2.0] AndroidManifest.xml:31:17-49
72            <meta-data
72-->[androidx.lifecycle:lifecycle-process:2.6.1] AndroidManifest.xml:29:13-31:52
73                android:name="androidx.lifecycle.ProcessLifecycleInitializer"
73-->[androidx.lifecycle:lifecycle-process:2.6.1] AndroidManifest.xml:30:17-78
74                android:value="androidx.startup" />
74-->[androidx.lifecycle:lifecycle-process:2.6.1] AndroidManifest.xml:31:17-49
75            <meta-data
75-->[androidx.profileinstaller:profileinstaller:1.3.0] AndroidManifest.xml:29:13-31:52
76                android:name="androidx.profileinstaller.ProfileInstallerInitializer"
76-->[androidx.profileinstaller:profileinstaller:1.3.0] AndroidManifest.xml:30:17-85
77                android:value="androidx.startup" />
77-->[androidx.profileinstaller:profileinstaller:1.3.0] AndroidManifest.xml:31:17-49
78        </provider>
79
80        <receiver
80-->[androidx.profileinstaller:profileinstaller:1.3.0] AndroidManifest.xml:34:9-52:20
81            android:name="androidx.profileinstaller.ProfileInstallReceiver"
81-->[androidx.profileinstaller:profileinstaller:1.3.0] AndroidManifest.xml:35:13-76
82            android:directBootAware="false"
82-->[androidx.profileinstaller:profileinstaller:1.3.0] AndroidManifest.xml:36:13-44
83            android:enabled="true"
83-->[androidx.profileinstaller:profileinstaller:1.3.0] AndroidManifest.xml:37:13-35
84            android:exported="true"
84-->[androidx.profileinstaller:profileinstaller:1.3.0] AndroidManifest.xml:38:13-36
85            android:permission="android.permission.DUMP" >
85-->[androidx.profileinstaller:profileinstaller:1.3.0] AndroidManifest.xml:39:13-57
86            <intent-filter>
86-->[androidx.profileinstaller:profileinstaller:1.3.0] AndroidManifest.xml:40:13-42:29
87                <action android:name="androidx.profileinstaller.action.INSTALL_PROFILE" />
87-->[androidx.profileinstaller:profileinstaller:1.3.0] AndroidManifest.xml:41:17-91
87-->[androidx.profileinstaller:profileinstaller:1.3.0] AndroidManifest.xml:41:25-88
88            </intent-filter>
89            <intent-filter>
89-->[androidx.profileinstaller:profileinstaller:1.3.0] AndroidManifest.xml:43:13-45:29
90                <action android:name="androidx.profileinstaller.action.SKIP_FILE" />
90-->[androidx.profileinstaller:profileinstaller:1.3.0] AndroidManifest.xml:44:17-85
90-->[androidx.profileinstaller:profileinstaller:1.3.0] AndroidManifest.xml:44:25-82
91            </intent-filter>
92            <intent-filter>
92-->[androidx.profileinstaller:profileinstaller:1.3.0] AndroidManifest.xml:46:13-48:29
93                <action android:name="androidx.profileinstaller.action.SAVE_PROFILE" />
93-->[androidx.profileinstaller:profileinstaller:1.3.0] AndroidManifest.xml:47:17-88
93-->[androidx.profileinstaller:profileinstaller:1.3.0] AndroidManifest.xml:47:25-85
94            </intent-filter>
95            <intent-filter>
95-->[androidx.profileinstaller:profileinstaller:1.3.0] AndroidManifest.xml:49:13-51:29
96                <action android:name="androidx.profileinstaller.action.BENCHMARK_OPERATION" />
96-->[androidx.profileinstaller:profileinstaller:1.3.0] AndroidManifest.xml:50:17-95
96-->[androidx.profileinstaller:profileinstaller:1.3.0] AndroidManifest.xml:50:25-92
97            </intent-filter>
98        </receiver>
99    </application>
100
101</manifest>